<?xml version="1.0" encoding="UTF-8"?>
<!-- Generated by org.testng.reporters.JUnitReportReporter -->
<testsuite skipped="0" hostname="gustavo-184" name="br.com.projedata.arcturus.teste.testes.TesteParc103" tests="4" failures="0" timestamp="21 nov 2018 16:26:07 GMT" time="20.588" errors="0">
  <testcase name="exibirTituloQuandoCampoNomeSistemaNaoEstiverInformado" time="12.681" classname="br.com.projedata.arcturus.teste.testes.TesteParc103"/>
  <testcase name="abrirParc103" time="5.155" classname="br.com.projedata.arcturus.teste.testes.TesteParc103"/>
  <testcase name="exibirTituloConformeNomeSistemaAlterado" time="2.730" classname="br.com.projedata.arcturus.teste.testes.TesteParc103"/>
  <testcase name="exibirTituloConformeSistemaCadastrado" time="0.022" classname="br.com.projedata.arcturus.teste.testes.TesteParc103"/>
</testsuite> <!-- br.com.projedata.arcturus.teste.testes.TesteParc103 -->
