<?xml version="1.0" encoding="UTF-8"?>
<!-- Generated by org.testng.reporters.JUnitReportReporter -->
<testsuite name="br.com.projedata.arcturus.teste.testes.TestePger001" tests="53" time="331.992" ignored="2" failures="0" timestamp="27 nov 2018 17:51:14 GMT" skipped="0" hostname="gustavo-184" errors="0">
  <testcase name="criarNovoRelatorio" time="3.579" classname="br.com.projedata.arcturus.teste.testes.TestePger001"/>
  <testcase name="testarBloqueioParcialRelatorio" time="11.094" classname="br.com.projedata.arcturus.teste.testes.TestePger001"/>
  <testcase name="testarMetodoSalvarFiltros" time="9.403" classname="br.com.projedata.arcturus.teste.testes.TestePger001"/>
  <testcase name="testarComponenteImagemDoRelatorio" time="2.973" classname="br.com.projedata.arcturus.teste.testes.TestePger001"/>
  <testcase name="bloquearRelatorioParaEdicao" time="2.407" classname="br.com.projedata.arcturus.teste.testes.TestePger001"/>
  <testcase name="abrirEditorDoRelatorio" time="3.785" classname="br.com.projedata.arcturus.teste.testes.TestePger001"/>
  <testcase name="testarPropriedadeCodigoBarras" time="5.155" classname="br.com.projedata.arcturus.teste.testes.TestePger001"/>
  <testcase name="testarPermissaoExecucaoConcedida" time="7.221" classname="br.com.projedata.arcturus.teste.testes.TestePger001"/>
  <testcase name="testarBloqueioTotalRelatorioParaUsuarioComAcessoTotal" time="18.529" classname="br.com.projedata.arcturus.teste.testes.TestePger001"/>
  <testcase name="verificarSeNaoPermiteEdicaoNoBlocoSemPermissaoDeAlteracao" time="4.139" classname="br.com.projedata.arcturus.teste.testes.TestePger001"/>
  <testcase name="tentarIncluirRegistroPeloF4EmBlocoSomenteLeitura" time="4.098" classname="br.com.projedata.arcturus.teste.testes.TestePger001"/>
  <testcase name="setasDeNavegacaoSeguinteDesabilitadas" time="0.115" classname="br.com.projedata.arcturus.teste.testes.TestePger001"/>
  <testcase name="clonarRelatorio" time="5.352" classname="br.com.projedata.arcturus.teste.testes.TestePger001"/>
  <testcase name="excluirRelatorioNovo" time="14.254" classname="br.com.projedata.arcturus.teste.testes.TestePger001"/>
  <testcase name="testarLovListaRelatorios" time="1.769" classname="br.com.projedata.arcturus.teste.testes.TestePger001"/>
  <testcase name="selecionarRelatorioEdicao" time="3.436" classname="br.com.projedata.arcturus.teste.testes.TestePger001"/>
  <testcase name="testarBloqueioTotalRelatorio" time="28.561" classname="br.com.projedata.arcturus.teste.testes.TestePger001"/>
  <testcase name="testarSelecaoFiltroPai" time="7.718" classname="br.com.projedata.arcturus.teste.testes.TestePger001"/>
  <testcase name="salvarFiltrosDoRelatorioEmBranco" time="8.505" classname="br.com.projedata.arcturus.teste.testes.TestePger001"/>
  <testcase name="clonarRelatorioApartirDeUmFixo" time="9.011" classname="br.com.projedata.arcturus.teste.testes.TestePger001"/>
  <testcase name="testarFiltroMultivaloradoTipoComboBox" time="6.252" classname="br.com.projedata.arcturus.teste.testes.TestePger001"/>
  <testcase name="permissaoTotalParaGrupo" time="12.540" classname="br.com.projedata.arcturus.teste.testes.TestePger001"/>
  <testcase name="testarNavegacaoComPageDownPageUpBlocoDetalhes" time="0.591" classname="br.com.projedata.arcturus.teste.testes.TestePger001"/>
  <testcase name="testarPermissaoTotalConcedida" time="6.500" classname="br.com.projedata.arcturus.teste.testes.TestePger001"/>
  <testcase name="abrirPger001" time="6.076" classname="br.com.projedata.arcturus.teste.testes.TestePger001"/>
  <testcase name="executarPeloF2" time="2.825" classname="br.com.projedata.arcturus.teste.testes.TestePger001"/>
  <testcase name="setasDeNavegacaoAnteriorDesabilitadas" time="4.285" classname="br.com.projedata.arcturus.teste.testes.TestePger001"/>
  <testcase name="testeCampoMultiValorado" time="15.829" classname="br.com.projedata.arcturus.teste.testes.TestePger001"/>
  <testcase name="tentarEditarRelatorioComPermissaoExecucaoConcedida" time="0.038" classname="br.com.projedata.arcturus.teste.testes.TestePger001"/>
  <testcase name="permissaoTotal" time="12.592" classname="br.com.projedata.arcturus.teste.testes.TestePger001"/>
  <testcase name="vincularSistemaAoRelatorio" time="7.283" classname="br.com.projedata.arcturus.teste.testes.TestePger001"/>
  <testcase name="testarNavegacaoComPageDownPageUpBlocoPrincipal" time="3.391" classname="br.com.projedata.arcturus.teste.testes.TestePger001"/>
  <testcase name="abrirFiltroPeloShiftF2" time="2.040" classname="br.com.projedata.arcturus.teste.testes.TestePger001"/>
  <testcase name="componenteCalendarioNoFiltroDoRelatorio" time="4.996" classname="br.com.projedata.arcturus.teste.testes.TestePger001"/>
  <testcase name="ocultarFiltro" time="4.401" classname="br.com.projedata.arcturus.teste.testes.TestePger001"/>
  <testcase name="verificarSeImagemFundoEhExibiba" time="8.495" classname="br.com.projedata.arcturus.teste.testes.TestePger001"/>
  <testcase name="verificarSeFiltroObrigatorioEhExibido" time="3.651" classname="br.com.projedata.arcturus.teste.testes.TestePger001"/>
  <testcase name="teclarShiftF6NumCampoComValorInvalido" time="4.444" classname="br.com.projedata.arcturus.teste.testes.TestePger001"/>
  <testcase name="salvarFiltrosDoRelatorio" time="11.900" classname="br.com.projedata.arcturus.teste.testes.TestePger001"/>
  <testcase name="verificarSeNaoPermiteInclusaoNoBlocoAposCtrlQ" time="0.334" classname="br.com.projedata.arcturus.teste.testes.TestePger001"/>
  <testcase name="testarPassagemDeFocoJanelaModal" time="2.590" classname="br.com.projedata.arcturus.teste.testes.TestePger001"/>
  <testcase name="testarFiltroPeriodo" time="4.952" classname="br.com.projedata.arcturus.teste.testes.TestePger001"/>
  <testcase name="testarFiltroObrigatorioDoRelatorio" time="3.115" classname="br.com.projedata.arcturus.teste.testes.TestePger001"/>
  <testcase name="tentarIncluirRegistroPeloF6EmBlocoSomenteLeitura" time="2.004" classname="br.com.projedata.arcturus.teste.testes.TestePger001"/>
  <testcase name="permissaoExecucao" time="3.180" classname="br.com.projedata.arcturus.teste.testes.TestePger001"/>
  <testcase name="testarEnvioDeEmailDoRelatorio" time="7.364" classname="br.com.projedata.arcturus.teste.testes.TestePger001"/>
  <testcase name="permissaoExecucaoParaGrupo" time="3.609" classname="br.com.projedata.arcturus.teste.testes.TestePger001"/>
  <testcase name="excluirRelatorioClone" time="15.107" classname="br.com.projedata.arcturus.teste.testes.TestePger001"/>
  <testcase name="verificarAcessoPermissaoTotalParaGrupo" time="6.619" classname="br.com.projedata.arcturus.teste.testes.TestePger001"/>
  <testcase name="passagemDeFocoFiltroPeriodo" time="2.951" classname="br.com.projedata.arcturus.teste.testes.TestePger001"/>
  <testcase name="verificarDelimitadorCsv" time="1.337" classname="br.com.projedata.arcturus.teste.testes.TestePger001"/>
  <testcase name="verificarAcessoPermissaoExecucaoParaGrupo" time="7.155" classname="br.com.projedata.arcturus.teste.testes.TestePger001"/>
  <testcase name="removerValoresCampoMultiValorado" time="2.442" classname="br.com.projedata.arcturus.teste.testes.TestePger001"/>
  <testcase name="clicarNoPdfEmSegundoPlano" classname="br.com.projedata.arcturus.teste.testes.TestePger001">
    <skipped/>
  </testcase> <!-- clicarNoPdfEmSegundoPlano -->
  <testcase name="testarTolltipComponenteBotao" classname="br.com.projedata.arcturus.teste.testes.TestePger001">
    <skipped/>
  </testcase> <!-- testarTolltipComponenteBotao -->
</testsuite> <!-- br.com.projedata.arcturus.teste.testes.TestePger001 -->
