<?xml version="1.0" encoding="UTF-8"?>
<!-- Generated by org.testng.reporters.JUnitReportReporter -->
<testsuite name="br.com.projedata.arcturus.teste.testes.TestePortal" tests="26" time="114.617" ignored="3" failures="0" timestamp="23 nov 2018 12:59:33 GMT" skipped="0" hostname="gustavo-184" errors="0">
  <testcase name="excluirEventoAbrirRotina" time="7.306" classname="br.com.projedata.arcturus.teste.testes.TestePortal"/>
  <testcase name="abrirRotinaAoAcessarPortal" time="9.162" classname="br.com.projedata.arcturus.teste.testes.TestePortal"/>
  <testcase name="selecionarRotinaComASetaDoTeclado" time="1.290" classname="br.com.projedata.arcturus.teste.testes.TestePortal"/>
  <testcase name="acessarRotinaPeloMenu" time="3.528" classname="br.com.projedata.arcturus.teste.testes.TestePortal"/>
  <testcase name="acessarPortalComSenhaAntiga" time="4.158" classname="br.com.projedata.arcturus.teste.testes.TestePortal"/>
  <testcase name="acessarPortalComNovaSenha" time="3.007" classname="br.com.projedata.arcturus.teste.testes.TestePortal"/>
  <testcase name="abrirRotinaPelaUrlSemParametro" time="3.275" classname="br.com.projedata.arcturus.teste.testes.TestePortal"/>
  <testcase name="alterarEstiloDoPortal" time="1.211" classname="br.com.projedata.arcturus.teste.testes.TestePortal"/>
  <testcase name="alterarCorPainelPortal" time="0.391" classname="br.com.projedata.arcturus.teste.testes.TestePortal"/>
  <testcase name="alterarSenha" time="2.382" classname="br.com.projedata.arcturus.teste.testes.TestePortal"/>
  <testcase name="ativarDesativarPaineis" time="10.220" classname="br.com.projedata.arcturus.teste.testes.TestePortal"/>
  <testcase name="retornarSenhaAntiga" time="3.667" classname="br.com.projedata.arcturus.teste.testes.TestePortal"/>
  <testcase name="usuarioSemEmpresaPadraoInformada" time="3.271" classname="br.com.projedata.arcturus.teste.testes.TestePortal"/>
  <testcase name="retornarAoEstiloOriginal" time="1.147" classname="br.com.projedata.arcturus.teste.testes.TestePortal"/>
  <testcase name="testarEventoAlterarEmpresa" time="5.145" classname="br.com.projedata.arcturus.teste.testes.TestePortal"/>
  <testcase name="fecharMenuAoClicarFora" time="1.057" classname="br.com.projedata.arcturus.teste.testes.TestePortal"/>
  <testcase name="alterarSenhaSenhaAtualInvalida" time="7.527" classname="br.com.projedata.arcturus.teste.testes.TestePortal"/>
  <testcase name="trocarDeEmpresa" time="4.203" classname="br.com.projedata.arcturus.teste.testes.TestePortal"/>
  <testcase name="abrirRotinaParametrizadoPelaUrlComUsuarioLogado" time="1.010" classname="br.com.projedata.arcturus.teste.testes.TestePortal"/>
  <testcase name="senhaEconfirmarSenhaDiferentes" time="1.310" classname="br.com.projedata.arcturus.teste.testes.TestePortal"/>
  <testcase name="atualizarPainelViaComando" time="3.814" classname="br.com.projedata.arcturus.teste.testes.TestePortal"/>
  <testcase name="testeNotificacao" time="19.530" classname="br.com.projedata.arcturus.teste.testes.TestePortal"/>
  <testcase name="abrirRotinaAoAbrirPortalParametrizadoPelaUrl" time="4.026" classname="br.com.projedata.arcturus.teste.testes.TestePortal"/>
  <testcase name="abrirListaDeRotinasPeloShiftF3" time="3.693" classname="br.com.projedata.arcturus.teste.testes.TestePortal"/>
  <testcase name="verificarWidGetsAoTrocarDeEmpresa" time="7.230" classname="br.com.projedata.arcturus.teste.testes.TestePortal"/>
  <testcase name="abrirRotinaPelaUrlSemParametroComUsuarioLogado" time="2.057" classname="br.com.projedata.arcturus.teste.testes.TestePortal"/>
  <testcase name="clicarNoPdfEmSegundoPlano" classname="br.com.projedata.arcturus.teste.testes.TestePger001">
    <skipped/>
  </testcase> <!-- clicarNoPdfEmSegundoPlano -->
  <testcase name="testarTolltipComponenteBotao" classname="br.com.projedata.arcturus.teste.testes.TestePger001">
    <skipped/>
  </testcase> <!-- testarTolltipComponenteBotao -->
  <testcase name="verificaQuantidadeDeLicencas" classname="br.com.projedata.arcturus.teste.testes.TestePortal">
    <skipped/>
  </testcase> <!-- verificaQuantidadeDeLicencas -->
</testsuite> <!-- br.com.projedata.arcturus.teste.testes.TestePortal -->
