<?xml version="1.0" encoding="UTF-8"?>
<!-- Generated by org.testng.reporters.JUnitReportReporter -->
<testsuite name="br.com.projedata.arcturus.teste.testes.TesteInternacionalizacao" tests="15" time="64.170" ignored="0" failures="0" timestamp="29 nov 2018 19:38:26 GMT" skipped="0" hostname="gustavo-184" errors="0">
  <testcase name="verificarRotinaTraduzidaParaPortugues" time="4.735" classname="br.com.projedata.arcturus.teste.testes.TesteInternacionalizacao"/>
  <testcase name="verificarTelaDeLoginIngles" time="3.644" classname="br.com.projedata.arcturus.teste.testes.TesteInternacionalizacao"/>
  <testcase name="verificarMensagemErroTraduzidaIngles" time="0.630" classname="br.com.projedata.arcturus.teste.testes.TesteInternacionalizacao"/>
  <testcase name="verificarTelaDeLoginEspanhol" time="3.497" classname="br.com.projedata.arcturus.teste.testes.TesteInternacionalizacao"/>
  <testcase name="alterarIdiomaParaIngles" time="2.371" classname="br.com.projedata.arcturus.teste.testes.TesteInternacionalizacao"/>
  <testcase name="verificarRelatorioTraduzidoEspanhol" time="11.969" classname="br.com.projedata.arcturus.teste.testes.TesteInternacionalizacao"/>
  <testcase name="acessarSistema" time="3.843" classname="br.com.projedata.arcturus.teste.testes.TesteInternacionalizacao"/>
  <testcase name="verificarRotinaTraduzidaParaEspanhol" time="4.567" classname="br.com.projedata.arcturus.teste.testes.TesteInternacionalizacao"/>
  <testcase name="alterarIdiomaParaEspanhol" time="2.181" classname="br.com.projedata.arcturus.teste.testes.TesteInternacionalizacao"/>
  <testcase name="verificarMensagemConfirmacaoTraduzidaEspanhol" time="4.207" classname="br.com.projedata.arcturus.teste.testes.TesteInternacionalizacao"/>
  <testcase name="verificarRelatorioTraduzidoIngles" time="10.575" classname="br.com.projedata.arcturus.teste.testes.TesteInternacionalizacao"/>
  <testcase name="verificarMensagemConfirmacaoTraduzidaIngles" time="4.348" classname="br.com.projedata.arcturus.teste.testes.TesteInternacionalizacao"/>
  <testcase name="alterarIdiomaParaPortugues" time="2.288" classname="br.com.projedata.arcturus.teste.testes.TesteInternacionalizacao"/>
  <testcase name="verificarMensagemErroTraduzidaEspanhol" time="0.653" classname="br.com.projedata.arcturus.teste.testes.TesteInternacionalizacao"/>
  <testcase name="verificarRotinaTraduzidaParaIngles" time="4.662" classname="br.com.projedata.arcturus.teste.testes.TesteInternacionalizacao"/>
</testsuite> <!-- br.com.projedata.arcturus.teste.testes.TesteInternacionalizacao -->
