<?xml version="1.0" encoding="UTF-8"?>
<!-- Generated by org.testng.reporters.JUnitReportReporter -->
<testsuite name="br.com.projedata.arcturus.teste.testes.TesteParc001" tests="29" time="173.297" ignored="0" failures="0" timestamp="27 nov 2018 13:25:01 GMT" skipped="0" hostname="gustavo-184" errors="0">
  <testcase name="testarPassagemDeRegistroComFocoNoComboBox" time="2.524" classname="br.com.projedata.arcturus.teste.testes.TesteParc001"/>
  <testcase name="criarRegistroComASetaDoTeclado" time="4.420" classname="br.com.projedata.arcturus.teste.testes.TesteParc001"/>
  <testcase name="naoPermitirSairDoRegistroQuandoInvalidoClicandoNaBarraDeRolagem" time="0.147" classname="br.com.projedata.arcturus.teste.testes.TesteParc001"/>
  <testcase name="verificarSeNaoBloqueiaUsuarioToken" time="6.290" classname="br.com.projedata.arcturus.teste.testes.TesteParc001"/>
  <testcase name="cancelarAberturaDeRotina" time="1.963" classname="br.com.projedata.arcturus.teste.testes.TesteParc001"/>
  <testcase name="abrirOutraRotina" time="2.943" classname="br.com.projedata.arcturus.teste.testes.TesteParc001"/>
  <testcase name="testarControleAcessoLiberarHoraInicio" time="8.624" classname="br.com.projedata.arcturus.teste.testes.TesteParc001"/>
  <testcase name="testarPermissaoDeAcesso" time="11.201" classname="br.com.projedata.arcturus.teste.testes.TesteParc001"/>
  <testcase name="acessarSistemaComUsuarioDesbloqueado" time="4.087" classname="br.com.projedata.arcturus.teste.testes.TesteParc001"/>
  <testcase name="teclarF4EmBlocoComRegistroInvalido" time="0.085" classname="br.com.projedata.arcturus.teste.testes.TesteParc001"/>
  <testcase name="removerImagemArc001" time="0.435" classname="br.com.projedata.arcturus.teste.testes.TesteParc001"/>
  <testcase name="testarUsuarioSemPermissaoDeAcesso" time="7.289" classname="br.com.projedata.arcturus.teste.testes.TesteParc001"/>
  <testcase name="teclarF6EmBlocoComRegistroInvalido" time="0.754" classname="br.com.projedata.arcturus.teste.testes.TesteParc001"/>
  <testcase name="bloquearUsuarioPorExcessoDetentativasDeAcesso" time="10.327" classname="br.com.projedata.arcturus.teste.testes.TesteParc001"/>
  <testcase name="copiarAcessoUsuarioArc001" time="7.949" classname="br.com.projedata.arcturus.teste.testes.TesteParc001"/>
  <testcase name="desbloquearUsuario" time="2.087" classname="br.com.projedata.arcturus.teste.testes.TesteParc001"/>
  <testcase name="testarControleAcessoBloquearDataFim" time="11.024" classname="br.com.projedata.arcturus.teste.testes.TesteParc001"/>
  <testcase name="testarControleAcessoBloquearHoraFim" time="11.515" classname="br.com.projedata.arcturus.teste.testes.TesteParc001"/>
  <testcase name="verificarSituacaoUsuarioBloqueado" time="5.543" classname="br.com.projedata.arcturus.teste.testes.TesteParc001"/>
  <testcase name="filtrarLovComVariosTextosSimultaneos" time="1.638" classname="br.com.projedata.arcturus.teste.testes.TesteParc001"/>
  <testcase name="testarControleAcessoLiberarHoraFim" time="8.662" classname="br.com.projedata.arcturus.teste.testes.TesteParc001"/>
  <testcase name="adicionarImagemArc001" time="3.420" classname="br.com.projedata.arcturus.teste.testes.TesteParc001"/>
  <testcase name="testarControleAcessoBloquearDataInicio" time="10.242" classname="br.com.projedata.arcturus.teste.testes.TesteParc001"/>
  <testcase name="verificarSeNaoPermiteSairDoCampoInvalido" time="3.211" classname="br.com.projedata.arcturus.teste.testes.TesteParc001"/>
  <testcase name="testarControleAcessoBloquearHoraInicio" time="11.039" classname="br.com.projedata.arcturus.teste.testes.TesteParc001"/>
  <testcase name="naoPermitirSairDoRegistroQuandoInvalido" time="3.937" classname="br.com.projedata.arcturus.teste.testes.TesteParc001"/>
  <testcase name="selecionarValorEmBrancoComboBox" time="12.409" classname="br.com.projedata.arcturus.teste.testes.TesteParc001"/>
  <testcase name="mostrarRotinaAberta" time="2.092" classname="br.com.projedata.arcturus.teste.testes.TesteParc001"/>
  <testcase name="testarBloqueioDeAcessoDiasDaSemana" time="17.440" classname="br.com.projedata.arcturus.teste.testes.TesteParc001"/>
</testsuite> <!-- br.com.projedata.arcturus.teste.testes.TesteParc001 -->
