<?xml version="1.0" encoding="UTF-8"?>
<!-- Generated by org.testng.reporters.JUnitReportReporter -->
<testsuite name="br.com.projedata.arcturus.teste.testes.teste" tests="2" time="10.984" ignored="0" failures="0" timestamp="27 nov 2018 12:35:14 GMT" skipped="0" hostname="gustavo-184" errors="0">
  <testcase name="abrirParc020" time="3.976" classname="br.com.projedata.arcturus.teste.testes.teste"/>
  <testcase name="testarFiltroPeriodo" time="7.008" classname="br.com.projedata.arcturus.teste.testes.teste"/>
</testsuite> <!-- br.com.projedata.arcturus.teste.testes.teste -->
