<?xml version="1.0" encoding="UTF-8"?>
<!-- Generated by org.testng.reporters.JUnitReportReporter -->
<testsuite name="br.com.projedata.arcturus.teste.testes.TesteWizardRelatorios" tests="39" time="115.934" ignored="0" failures="0" timestamp="27 nov 2018 18:00:22 GMT" skipped="0" hostname="gustavo-184" errors="0">
  <testcase name="selecionarCamposGrupo" time="0.441" classname="br.com.projedata.arcturus.teste.testes.TesteWizardRelatorios"/>
  <testcase name="finalizarWizardCriarRelatorio" time="1.615" classname="br.com.projedata.arcturus.teste.testes.TesteWizardRelatorios"/>
  <testcase name="criarRelatorioGraficoBarras" time="3.640" classname="br.com.projedata.arcturus.teste.testes.TesteWizardRelatorios"/>
  <testcase name="selecionarFiltrosGraficoPizza" time="0.329" classname="br.com.projedata.arcturus.teste.testes.TesteWizardRelatorios"/>
  <testcase name="selecionarModeloTabular" time="0.322" classname="br.com.projedata.arcturus.teste.testes.TesteWizardRelatorios"/>
  <testcase name="selecionarCamposTotalizadoresFuncaoContar" time="0.349" classname="br.com.projedata.arcturus.teste.testes.TesteWizardRelatorios"/>
  <testcase name="criarRelatorioGraficoLinha" time="3.250" classname="br.com.projedata.arcturus.teste.testes.TesteWizardRelatorios"/>
  <testcase name="configurarGraficoBarras" time="0.805" classname="br.com.projedata.arcturus.teste.testes.TesteWizardRelatorios"/>
  <testcase name="emitirRelatorioGraficoBarras" time="11.170" classname="br.com.projedata.arcturus.teste.testes.TesteWizardRelatorios"/>
  <testcase name="selecionarConsultaGraficoPizza" time="0.515" classname="br.com.projedata.arcturus.teste.testes.TesteWizardRelatorios"/>
  <testcase name="verificarSePropriedadesDoGraficoForamCriadasCorretamente" time="14.036" classname="br.com.projedata.arcturus.teste.testes.TesteWizardRelatorios"/>
  <testcase name="cancelarVersaoEVerificarBotaoWizard" time="4.418" classname="br.com.projedata.arcturus.teste.testes.TesteWizardRelatorios"/>
  <testcase name="selecionarCamposGraficoLinha" time="0.674" classname="br.com.projedata.arcturus.teste.testes.TesteWizardRelatorios"/>
  <testcase name="selecionarCampos" time="0.654" classname="br.com.projedata.arcturus.teste.testes.TesteWizardRelatorios"/>
  <testcase name="selecionarConsultaMatriz" time="0.302" classname="br.com.projedata.arcturus.teste.testes.TesteWizardRelatorios"/>
  <testcase name="selecionarFiltrosMatriz" time="0.298" classname="br.com.projedata.arcturus.teste.testes.TesteWizardRelatorios"/>
  <testcase name="criarRelatorioMatriz" time="3.457" classname="br.com.projedata.arcturus.teste.testes.TesteWizardRelatorios"/>
  <testcase name="excluirRelatorioNoPortal" time="1.567" classname="br.com.projedata.arcturus.teste.testes.TesteWizardRelatorios"/>
  <testcase name="emitirRelatorioNoPortal" time="4.429" classname="br.com.projedata.arcturus.teste.testes.TesteWizardRelatorios"/>
  <testcase name="finalizarWizardEAtualizarPagina" time="1.608" classname="br.com.projedata.arcturus.teste.testes.TesteWizardRelatorios"/>
  <testcase name="selecionarCamposMatriz" time="0.812" classname="br.com.projedata.arcturus.teste.testes.TesteWizardRelatorios"/>
  <testcase name="emitirRelatorioGraficoPizza" time="11.175" classname="br.com.projedata.arcturus.teste.testes.TesteWizardRelatorios"/>
  <testcase name="emitirRelatorioMatriz" time="7.073" classname="br.com.projedata.arcturus.teste.testes.TesteWizardRelatorios"/>
  <testcase name="selecionarConsultaGraficoBarras" time="0.583" classname="br.com.projedata.arcturus.teste.testes.TesteWizardRelatorios"/>
  <testcase name="configurarGraficoLinha" time="0.605" classname="br.com.projedata.arcturus.teste.testes.TesteWizardRelatorios"/>
  <testcase name="selecionarFiltroGraficoBarras" time="0.356" classname="br.com.projedata.arcturus.teste.testes.TesteWizardRelatorios"/>
  <testcase name="configurarMatriz" time="0.717" classname="br.com.projedata.arcturus.teste.testes.TesteWizardRelatorios"/>
  <testcase name="selecionarCamposGraficoPizza" time="0.665" classname="br.com.projedata.arcturus.teste.testes.TesteWizardRelatorios"/>
  <testcase name="finalizarVersaoEVerificarBotaoWizard" time="4.721" classname="br.com.projedata.arcturus.teste.testes.TesteWizardRelatorios"/>
  <testcase name="emitirRelatorioTabular" time="5.657" classname="br.com.projedata.arcturus.teste.testes.TesteWizardRelatorios"/>
  <testcase name="configurarGraficoPizza" time="0.603" classname="br.com.projedata.arcturus.teste.testes.TesteWizardRelatorios"/>
  <testcase name="selecionarTotalizadoresMatriz" time="0.468" classname="br.com.projedata.arcturus.teste.testes.TesteWizardRelatorios"/>
  <testcase name="criarRelatorioGraficoPizza" time="3.520" classname="br.com.projedata.arcturus.teste.testes.TesteWizardRelatorios"/>
  <testcase name="inserirConsultaSqlComFiltro" time="0.893" classname="br.com.projedata.arcturus.teste.testes.TesteWizardRelatorios"/>
  <testcase name="finalizarGraficoEGerarRelatorio" time="11.662" classname="br.com.projedata.arcturus.teste.testes.TesteWizardRelatorios"/>
  <testcase name="selecionarCamposGraficoBarras" time="0.576" classname="br.com.projedata.arcturus.teste.testes.TesteWizardRelatorios"/>
  <testcase name="criarNovoRelatorio" time="4.140" classname="br.com.projedata.arcturus.teste.testes.TesteWizardRelatorios"/>
  <testcase name="cadastrarConsultaGraficoLinha" time="1.473" classname="br.com.projedata.arcturus.teste.testes.TesteWizardRelatorios"/>
  <testcase name="abrirPger001" time="6.356" classname="br.com.projedata.arcturus.teste.testes.TesteWizardRelatorios"/>
</testsuite> <!-- br.com.projedata.arcturus.teste.testes.TesteWizardRelatorios -->
