<?xml version="1.0" encoding="UTF-8"?>
<!-- Generated by org.testng.reporters.JUnitReportReporter -->
<testsuite skipped="0" hostname="gustavo-184" name="br.com.projedata.arcturus.teste.testes.TesteParc119" tests="7" failures="0" timestamp="21 nov 2018 16:26:07 GMT" time="27.955" errors="0">
  <testcase name="abrirCadastroDeRotinas" time="1.814" classname="br.com.projedata.arcturus.teste.testes.TesteParc119"/>
  <testcase name="abrirParc119" time="5.891" classname="br.com.projedata.arcturus.teste.testes.TesteParc119"/>
  <testcase name="filtrarPorUsuario" time="2.603" classname="br.com.projedata.arcturus.teste.testes.TesteParc119"/>
  <testcase name="verificarLabelsDosQuadros" time="2.651" classname="br.com.projedata.arcturus.teste.testes.TesteParc119"/>
  <testcase name="abrirCadastroDeObjetosNegocio" time="1.842" classname="br.com.projedata.arcturus.teste.testes.TesteParc119"/>
  <testcase name="abrirAtualizacao" time="9.489" classname="br.com.projedata.arcturus.teste.testes.TesteParc119"/>
  <testcase name="filtrarPorAcaoLancada" time="3.665" classname="br.com.projedata.arcturus.teste.testes.TesteParc119"/>
</testsuite> <!-- br.com.projedata.arcturus.teste.testes.TesteParc119 -->
