<?xml version="1.0" encoding="UTF-8"?>
<!-- Generated by org.testng.reporters.JUnitReportReporter -->
<testsuite name="br.com.projedata.arcturus.teste.testes.TesteAtualizacao" tests="1" time="15.814" ignored="0" failures="0" timestamp="12 set 2018 18:08:53 GMT" skipped="0" hostname="gustavo-184" errors="0">
  <testcase name="testarAplicacaoVersaoMenorQuePermitida" time="15.814" classname="br.com.projedata.arcturus.teste.testes.TesteAtualizacao"/>
</testsuite> <!-- br.com.projedata.arcturus.teste.testes.TesteAtualizacao -->
