<?xml version="1.0" encoding="UTF-8"?>
<!-- Generated by org.testng.reporters.JUnitReportReporter -->
<testsuite name="br.com.projedata.arcturus.teste.testes.TesteRotinaTeste02" tests="54" time="69.470" ignored="0" failures="0" timestamp="30 nov 2018 12:02:55 GMT" skipped="0" hostname="gustavo-184" errors="0">
  <testcase name="abrirRotinaTeste02" time="5.464" classname="br.com.projedata.arcturus.teste.testes.TesteRotinaTeste02"/>
  <testcase name="testarConsultaComOperadorMaiorOuIgual" time="0.515" classname="br.com.projedata.arcturus.teste.testes.TesteRotinaTeste02"/>
  <testcase name="selecionarDataPeloCalendarioEVerificarEventoViaComando" time="2.809" classname="br.com.projedata.arcturus.teste.testes.TesteRotinaTeste02"/>
  <testcase name="valorCampoNumericoApenasDecimal" time="0.145" classname="br.com.projedata.arcturus.teste.testes.TesteRotinaTeste02"/>
  <testcase name="campoObrigatorioTabelaDinamica" time="2.075" classname="br.com.projedata.arcturus.teste.testes.TesteRotinaTeste02"/>
  <testcase name="blocoNaoPermiteAlteracao" time="1.487" classname="br.com.projedata.arcturus.teste.testes.TesteRotinaTeste02"/>
  <testcase name="excluirRegistro" time="0.286" classname="br.com.projedata.arcturus.teste.testes.TesteRotinaTeste02"/>
  <testcase name="campoObrigatorio" time="4.158" classname="br.com.projedata.arcturus.teste.testes.TesteRotinaTeste02"/>
  <testcase name="testarConsultaComOperadorMenorOuIgual" time="0.564" classname="br.com.projedata.arcturus.teste.testes.TesteRotinaTeste02"/>
  <testcase name="testarEventoAposAbrirTela" time="0.040" classname="br.com.projedata.arcturus.teste.testes.TesteRotinaTeste02"/>
  <testcase name="testarConsultaComOperadorMenor" time="0.487" classname="br.com.projedata.arcturus.teste.testes.TesteRotinaTeste02"/>
  <testcase name="valorCampoNumericoComMilhar" time="0.202" classname="br.com.projedata.arcturus.teste.testes.TesteRotinaTeste02"/>
  <testcase name="valorCampoNumericoComPonto" time="1.919" classname="br.com.projedata.arcturus.teste.testes.TesteRotinaTeste02"/>
  <testcase name="textAreaExpansivel" time="4.848" classname="br.com.projedata.arcturus.teste.testes.TesteRotinaTeste02"/>
  <testcase name="testarConsultaComMacroCampoData" time="0.800" classname="br.com.projedata.arcturus.teste.testes.TesteRotinaTeste02"/>
  <testcase name="cancelarRegistroSemAlteracaoOpcaoSim" time="2.147" classname="br.com.projedata.arcturus.teste.testes.TesteRotinaTeste02"/>
  <testcase name="fecharRotinaModal" time="0.937" classname="br.com.projedata.arcturus.teste.testes.TesteRotinaTeste02"/>
  <testcase name="testarConsultaComOperadorMaior" time="0.479" classname="br.com.projedata.arcturus.teste.testes.TesteRotinaTeste02"/>
  <testcase name="utilizacaoCtrlE" time="0.165" classname="br.com.projedata.arcturus.teste.testes.TesteRotinaTeste02"/>
  <testcase name="fecharRotinaPrincipal" time="0.191" classname="br.com.projedata.arcturus.teste.testes.TesteRotinaTeste02"/>
  <testcase name="verificarFocoAposAbrirCampoLov" time="0.685" classname="br.com.projedata.arcturus.teste.testes.TesteRotinaTeste02"/>
  <testcase name="abrirLovEmModoConsulta" time="2.118" classname="br.com.projedata.arcturus.teste.testes.TesteRotinaTeste02"/>
  <testcase name="navegarRegistroAnterior" time="0.618" classname="br.com.projedata.arcturus.teste.testes.TesteRotinaTeste02"/>
  <testcase name="permitirAlterarCampoEditavelPeloCtrlE" time="0.541" classname="br.com.projedata.arcturus.teste.testes.TesteRotinaTeste02"/>
  <testcase name="verificarSeComponenteBotaoAbreComEnter" time="2.279" classname="br.com.projedata.arcturus.teste.testes.TesteRotinaTeste02"/>
  <testcase name="consultarRegistroPorCodigo" time="0.831" classname="br.com.projedata.arcturus.teste.testes.TesteRotinaTeste02"/>
  <testcase name="testarConsultaComOperadorDiferente" time="0.639" classname="br.com.projedata.arcturus.teste.testes.TesteRotinaTeste02"/>
  <testcase name="consultarRegistroPorCodigoDetalhe" time="0.039" classname="br.com.projedata.arcturus.teste.testes.TesteRotinaTeste02"/>
  <testcase name="tentarFecharRotinaComModalAberto" time="0.290" classname="br.com.projedata.arcturus.teste.testes.TesteRotinaTeste02"/>
  <testcase name="limparRegistro" time="1.041" classname="br.com.projedata.arcturus.teste.testes.TesteRotinaTeste02"/>
  <testcase name="consultarRegistroPorCodigoTabelaDinamica" time="0.188" classname="br.com.projedata.arcturus.teste.testes.TesteRotinaTeste02"/>
  <testcase name="abrirModal" time="2.370" classname="br.com.projedata.arcturus.teste.testes.TesteRotinaTeste02"/>
  <testcase name="valorCampoNumericoDecimalComPonto" time="0.170" classname="br.com.projedata.arcturus.teste.testes.TesteRotinaTeste02"/>
  <testcase name="cancelarRegistroSemAlteracaoOpcaoCancelar" time="1.232" classname="br.com.projedata.arcturus.teste.testes.TesteRotinaTeste02"/>
  <testcase name="verificarSeMarcaRegistroComoAlteradoUtilizandoCtrlE" time="2.434" classname="br.com.projedata.arcturus.teste.testes.TesteRotinaTeste02"/>
  <testcase name="valorCampoNumericoApenasDecimalComPonto" time="0.146" classname="br.com.projedata.arcturus.teste.testes.TesteRotinaTeste02"/>
  <testcase name="criarRegistroSemAlteracao" time="1.877" classname="br.com.projedata.arcturus.teste.testes.TesteRotinaTeste02"/>
  <testcase name="consultarTodosRegistros" time="0.659" classname="br.com.projedata.arcturus.teste.testes.TesteRotinaTeste02"/>
  <testcase name="excluirRegistroInserido" time="4.153" classname="br.com.projedata.arcturus.teste.testes.TesteRotinaTeste02"/>
  <testcase name="inseririValorNoCampoUtilizandoCtrlE" time="0.213" classname="br.com.projedata.arcturus.teste.testes.TesteRotinaTeste02"/>
  <testcase name="valorCampoNumericoMilharComPonto" time="0.257" classname="br.com.projedata.arcturus.teste.testes.TesteRotinaTeste02"/>
  <testcase name="valorCampoNumericoMilharComVirgual" time="0.221" classname="br.com.projedata.arcturus.teste.testes.TesteRotinaTeste02"/>
  <testcase name="cancelarRegistroSemAlteracao" time="1.169" classname="br.com.projedata.arcturus.teste.testes.TesteRotinaTeste02"/>
  <testcase name="navegarProximoRegistro" time="0.114" classname="br.com.projedata.arcturus.teste.testes.TesteRotinaTeste02"/>
  <testcase name="inserirRegistro" time="3.652" classname="br.com.projedata.arcturus.teste.testes.TesteRotinaTeste02"/>
  <testcase name="navegarPaginaAnterior" time="0.645" classname="br.com.projedata.arcturus.teste.testes.TesteRotinaTeste02"/>
  <testcase name="salvarRegistroSemAlteracao" time="0.696" classname="br.com.projedata.arcturus.teste.testes.TesteRotinaTeste02"/>
  <testcase name="verificarSeComponenteBotaoAbreComEspaco" time="4.042" classname="br.com.projedata.arcturus.teste.testes.TesteRotinaTeste02"/>
  <testcase name="naoPermitirAlterarCampoNaoEditavelPeloCtrlE" time="0.658" classname="br.com.projedata.arcturus.teste.testes.TesteRotinaTeste02"/>
  <testcase name="blocoNaoPermiteInclusao" time="1.666" classname="br.com.projedata.arcturus.teste.testes.TesteRotinaTeste02"/>
  <testcase name="perguntarSeDesejaSairSemSalvarCampoEditavelPeloCtrlE" time="1.707" classname="br.com.projedata.arcturus.teste.testes.TesteRotinaTeste02"/>
  <testcase name="navegarProximaPagina" time="0.116" classname="br.com.projedata.arcturus.teste.testes.TesteRotinaTeste02"/>
  <testcase name="testarPassagemDeFocoTabelaDinamica" time="1.904" classname="br.com.projedata.arcturus.teste.testes.TesteRotinaTeste02"/>
  <testcase name="blocoNaoPermiteExclusao" time="0.382" classname="br.com.projedata.arcturus.teste.testes.TesteRotinaTeste02"/>
</testsuite> <!-- br.com.projedata.arcturus.teste.testes.TesteRotinaTeste02 -->
