<?xml version="1.0" encoding="UTF-8"?>
<!-- Generated by org.testng.reporters.JUnitReportReporter -->
<testsuite skipped="0" hostname="gustavo-184" name="br.com.projedata.arcturus.teste.testes.TesteParc007" tests="5" failures="0" timestamp="21 nov 2018 16:26:07 GMT" time="27.284" errors="0">
  <testcase name="excluirFiltro" time="4.939" classname="br.com.projedata.arcturus.teste.testes.TesteParc007"/>
  <testcase name="testarCriacaoDeFiltroEmCliente" time="10.696" classname="br.com.projedata.arcturus.teste.testes.TesteParc007"/>
  <testcase name="consultarFiltros" time="2.205" classname="br.com.projedata.arcturus.teste.testes.TesteParc007"/>
  <testcase name="excluirFiltroArcturus" time="1.590" classname="br.com.projedata.arcturus.teste.testes.TesteParc007"/>
  <testcase name="cadastrarNovoFiltro" time="7.854" classname="br.com.projedata.arcturus.teste.testes.TesteParc007"/>
</testsuite> <!-- br.com.projedata.arcturus.teste.testes.TesteParc007 -->
