<?xml version="1.0" encoding="UTF-8"?>
<!-- Generated by org.testng.reporters.JUnitReportReporter -->
<testsuite skipped="0" hostname="gustavo-184" name="br.com.projedata.arcturus.teste.testes.TesteParc012" tests="5" failures="0" timestamp="21 nov 2018 16:26:07 GMT" time="13.219" errors="0">
  <testcase name="abrirParc012" time="5.577" classname="br.com.projedata.arcturus.teste.testes.TesteParc012"/>
  <testcase name="cadastrarIdioma" time="1.648" classname="br.com.projedata.arcturus.teste.testes.TesteParc012"/>
  <testcase name="excluirTraducaoCadastrada" time="1.773" classname="br.com.projedata.arcturus.teste.testes.TesteParc012"/>
  <testcase name="cadastrarUmaTraducao" time="2.971" classname="br.com.projedata.arcturus.teste.testes.TesteParc012"/>
  <testcase name="excluirIdioma" time="1.250" classname="br.com.projedata.arcturus.teste.testes.TesteParc012"/>
</testsuite> <!-- br.com.projedata.arcturus.teste.testes.TesteParc012 -->
