<?xml version="1.0" encoding="UTF-8"?>
<!-- Generated by org.testng.reporters.JUnitReportReporter -->
<testsuite name="br.com.projedata.arcturus.teste.testes.TesteFuncoesDeRotinas" tests="17" time="77.918" ignored="0" failures="0" timestamp="29 nov 2018 19:36:56 GMT" skipped="0" hostname="gustavo-184" errors="0">
  <testcase name="testarFechamentoRotinaEmModoConsulta" time="0.560" classname="br.com.projedata.arcturus.teste.testes.TesteFuncoesDeRotinas"/>
  <testcase name="testarOrdenacaoDeLovQuandoNaoPossuiValor" time="3.297" classname="br.com.projedata.arcturus.teste.testes.TesteFuncoesDeRotinas"/>
  <testcase name="testeAlteracaoMestreDetalhe" time="17.130" classname="br.com.projedata.arcturus.teste.testes.TesteFuncoesDeRotinas"/>
  <testcase name="destacarRotina" time="2.493" classname="br.com.projedata.arcturus.teste.testes.TesteFuncoesDeRotinas"/>
  <testcase name="testarFuncaoF5NaRotina" time="0.893" classname="br.com.projedata.arcturus.teste.testes.TesteFuncoesDeRotinas"/>
  <testcase name="expandirRelatorio" time="8.744" classname="br.com.projedata.arcturus.teste.testes.TesteFuncoesDeRotinas"/>
  <testcase name="dicaDoCampoCheckListaInterna" time="0.992" classname="br.com.projedata.arcturus.teste.testes.TesteFuncoesDeRotinas"/>
  <testcase name="testarPropriedadeTituloDaLovTraduzida" time="15.674" classname="br.com.projedata.arcturus.teste.testes.TesteFuncoesDeRotinas"/>
  <testcase name="testarFechamentoRotinaEmModoConsultaBlocoDetalhe" time="1.346" classname="br.com.projedata.arcturus.teste.testes.TesteFuncoesDeRotinas"/>
  <testcase name="verificarFuncionamentoDoComboBox" time="6.949" classname="br.com.projedata.arcturus.teste.testes.TesteFuncoesDeRotinas"/>
  <testcase name="dicaDoCampoTipoImagemLov" time="0.680" classname="br.com.projedata.arcturus.teste.testes.TesteFuncoesDeRotinas"/>
  <testcase name="testarConsultaF7F8" time="0.296" classname="br.com.projedata.arcturus.teste.testes.TesteFuncoesDeRotinas"/>
  <testcase name="dicaDoBotoCarregarValores" time="2.821" classname="br.com.projedata.arcturus.teste.testes.TesteFuncoesDeRotinas"/>
  <testcase name="testarEventoAntesFecharJanela" time="4.029" classname="br.com.projedata.arcturus.teste.testes.TesteFuncoesDeRotinas"/>
  <testcase name="testarFuncaoF1NaRotina" time="2.197" classname="br.com.projedata.arcturus.teste.testes.TesteFuncoesDeRotinas"/>
  <testcase name="testarPropriedadeTituloDaLov" time="4.650" classname="br.com.projedata.arcturus.teste.testes.TesteFuncoesDeRotinas"/>
  <testcase name="mudancaDeFocoEntreRotinas" time="5.167" classname="br.com.projedata.arcturus.teste.testes.TesteFuncoesDeRotinas"/>
</testsuite> <!-- br.com.projedata.arcturus.teste.testes.TesteFuncoesDeRotinas -->
