<?xml version="1.0" encoding="UTF-8"?>
<!-- Generated by org.testng.reporters.JUnitReportReporter -->
<testsuite name="br.com.projedata.arcturus.teste.testes.TesteAgendador" tests="15" time="71.362" ignored="0" failures="0" timestamp="28 nov 2018 13:50:17 GMT" skipped="0" hostname="gustavo-184" errors="0">
  <testcase name="excluirAgendamento" time="2.024" classname="br.com.projedata.arcturus.teste.testes.TesteAgendador"/>
  <testcase name="executarAgendamento" time="3.491" classname="br.com.projedata.arcturus.teste.testes.TesteAgendador"/>
  <testcase name="verificarSeUsuarioAdminConsegueInformarOutroUsuario" time="8.505" classname="br.com.projedata.arcturus.teste.testes.TesteAgendador"/>
  <testcase name="testarAgendamentoParaUsuarioSemAcessoAoRelatorio" time="2.840" classname="br.com.projedata.arcturus.teste.testes.TesteAgendador"/>
  <testcase name="vincularUsuariosRecebedores" time="1.349" classname="br.com.projedata.arcturus.teste.testes.TesteAgendador"/>
  <testcase name="cadastrarNovoAgendamento" time="2.814" classname="br.com.projedata.arcturus.teste.testes.TesteAgendador"/>
  <testcase name="abrirAgendador" time="5.601" classname="br.com.projedata.arcturus.teste.testes.TesteAgendador"/>
  <testcase name="configurarFiltrosRelatorio" time="0.921" classname="br.com.projedata.arcturus.teste.testes.TesteAgendador"/>
  <testcase name="testarAbrirAgendadorAPartirDoGerador" time="19.800" classname="br.com.projedata.arcturus.teste.testes.TesteAgendador"/>
  <testcase name="vincularRelatorioAoAgendamento" time="1.197" classname="br.com.projedata.arcturus.teste.testes.TesteAgendador"/>
  <testcase name="verificarAcessoDeUsuarioSemPermissao" time="8.130" classname="br.com.projedata.arcturus.teste.testes.TesteAgendador"/>
  <testcase name="verificarSeNaoPermiteAbrirJanelaComRegistroNaoInformado" time="3.172" classname="br.com.projedata.arcturus.teste.testes.TesteAgendador"/>
  <testcase name="testarAgendamentoParaEmpresaSemAcesso" time="3.024" classname="br.com.projedata.arcturus.teste.testes.TesteAgendador"/>
  <testcase name="testarExecucaoAgendamentoComPeriodicidade" time="6.424" classname="br.com.projedata.arcturus.teste.testes.TesteAgendador"/>
  <testcase name="verificarSeUsuarioNormalConsegueInformarOutroUsuario" time="2.070" classname="br.com.projedata.arcturus.teste.testes.TesteAgendador"/>
</testsuite> <!-- br.com.projedata.arcturus.teste.testes.TesteAgendador -->
