<?xml version="1.0" encoding="UTF-8"?>
<!-- Generated by org.testng.reporters.JUnitReportReporter -->
<testsuite name="br.com.projedata.arcturus.teste.testes.TestePainelRelatorios" tests="8" time="18.449" ignored="0" failures="0" timestamp="29 nov 2018 10:16:05 GMT" skipped="0" hostname="gustavo-184" errors="0">
  <testcase name="moverRelatorioParaPastaCriada" time="1.534" classname="br.com.projedata.arcturus.teste.testes.TestePainelRelatorios"/>
  <testcase name="recarregarRelatorios" time="0.734" classname="br.com.projedata.arcturus.teste.testes.TestePainelRelatorios"/>
  <testcase name="criarPastaNaRaizDoPainel" time="4.963" classname="br.com.projedata.arcturus.teste.testes.TestePainelRelatorios"/>
  <testcase name="criarSubPasta" time="2.901" classname="br.com.projedata.arcturus.teste.testes.TestePainelRelatorios"/>
  <testcase name="excluirGruposComRelatorioDentro" time="3.361" classname="br.com.projedata.arcturus.teste.testes.TestePainelRelatorios"/>
  <testcase name="abrirGeradorPeloPainel" time="0.687" classname="br.com.projedata.arcturus.teste.testes.TestePainelRelatorios"/>
  <testcase name="moverRelatorioParaRaiz" time="1.074" classname="br.com.projedata.arcturus.teste.testes.TestePainelRelatorios"/>
  <testcase name="criarSubPastaDentroDaSubPasta" time="3.195" classname="br.com.projedata.arcturus.teste.testes.TestePainelRelatorios"/>
</testsuite> <!-- br.com.projedata.arcturus.teste.testes.TestePainelRelatorios -->
