<?xml version="1.0" encoding="UTF-8"?>
<!-- Generated by org.testng.reporters.JUnitReportReporter -->
<testsuite skipped="0" hostname="gustavo-184" name="br.com.projedata.arcturus.teste.testes.TesteGeradorRelatorios" tests="13" failures="0" timestamp="21 nov 2018 16:26:07 GMT" time="65.329" errors="0">
  <testcase name="acessarConstrutorRelatorios" time="5.351" classname="br.com.projedata.arcturus.teste.testes.TesteGeradorRelatorios"/>
  <testcase name="relatorioSemCabecalho" time="2.907" classname="br.com.projedata.arcturus.teste.testes.TesteGeradorRelatorios"/>
  <testcase name="exibirCabecalhoEmTodasPaginas" time="3.666" classname="br.com.projedata.arcturus.teste.testes.TesteGeradorRelatorios"/>
  <testcase name="testarPropriedadeElasticidadeExpansivel" time="5.244" classname="br.com.projedata.arcturus.teste.testes.TesteGeradorRelatorios"/>
  <testcase name="naoExibirFormatacaoCondicional" time="5.982" classname="br.com.projedata.arcturus.teste.testes.TesteGeradorRelatorios"/>
  <testcase name="parametroMostrarCabecalhoIgualNao" time="1.364" classname="br.com.projedata.arcturus.teste.testes.TesteGeradorRelatorios"/>
  <testcase name="exibirCabecalhoApenasNaPrimeiraPagina" time="4.467" classname="br.com.projedata.arcturus.teste.testes.TesteGeradorRelatorios"/>
  <testcase name="cabecalhoCustomizado" time="5.863" classname="br.com.projedata.arcturus.teste.testes.TesteGeradorRelatorios"/>
  <testcase name="testeEventoImprimirQuando" time="5.334" classname="br.com.projedata.arcturus.teste.testes.TesteGeradorRelatorios"/>
  <testcase name="cabecalhoPadraoDoSistema" time="9.934" classname="br.com.projedata.arcturus.teste.testes.TesteGeradorRelatorios"/>
  <testcase name="removerEventoImprimirQuando" time="4.295" classname="br.com.projedata.arcturus.teste.testes.TesteGeradorRelatorios"/>
  <testcase name="exibirFormatacaoCondicional" time="6.752" classname="br.com.projedata.arcturus.teste.testes.TesteGeradorRelatorios"/>
  <testcase name="testarPropriedadeElasticidadeFixo" time="4.170" classname="br.com.projedata.arcturus.teste.testes.TesteGeradorRelatorios"/>
</testsuite> <!-- br.com.projedata.arcturus.teste.testes.TesteGeradorRelatorios -->
