<?xml version="1.0" encoding="UTF-8"?>
<!-- Generated by org.testng.reporters.JUnitReportReporter -->
<testsuite name="br.com.projedata.arcturus.teste.testes.TesteParc013" tests="4" time="12.104" ignored="0" failures="0" timestamp="28 nov 2018 15:55:04 GMT" skipped="0" hostname="gustavo-184" errors="0">
  <testcase name="verificarPainelDinamicoExibido" time="4.028" classname="br.com.projedata.arcturus.teste.testes.TesteParc013"/>
  <testcase name="abrirParc013" time="2.068" classname="br.com.projedata.arcturus.teste.testes.TesteParc013"/>
  <testcase name="alterarPainelParaInativo" time="1.665" classname="br.com.projedata.arcturus.teste.testes.TesteParc013"/>
  <testcase name="alterarPainelParaAtivo" time="4.343" classname="br.com.projedata.arcturus.teste.testes.TesteParc013"/>
</testsuite> <!-- br.com.projedata.arcturus.teste.testes.TesteParc013 -->
