<?xml version="1.0" encoding="UTF-8"?>
<!-- Generated by org.testng.reporters.JUnitReportReporter -->
<testsuite skipped="0" hostname="gustavo-184" name="br.com.projedata.arcturus.teste.testes.TesteParc010" tests="10" failures="0" timestamp="21 nov 2018 16:26:07 GMT" time="47.686" errors="0">
  <testcase name="abrirParc010" time="5.339" classname="br.com.projedata.arcturus.teste.testes.TesteParc010"/>
  <testcase name="cadastrarTraducoesParaNoticia" time="2.570" classname="br.com.projedata.arcturus.teste.testes.TesteParc010"/>
  <testcase name="excluirNoticia" time="8.570" classname="br.com.projedata.arcturus.teste.testes.TesteParc010"/>
  <testcase name="alterarNoticiaParaNaoVisivel" time="13.247" classname="br.com.projedata.arcturus.teste.testes.TesteParc010"/>
  <testcase name="acessarLinkVermaisDaNoticia" time="4.020" classname="br.com.projedata.arcturus.teste.testes.TesteParc010"/>
  <testcase name="acessarLinkIdiomaIngles" time="1.358" classname="br.com.projedata.arcturus.teste.testes.TesteParc010"/>
  <testcase name="verificarNoticiaNaTelaDeLoginEmEspanhol" time="3.631" classname="br.com.projedata.arcturus.teste.testes.TesteParc010"/>
  <testcase name="verificarNoticiaCadastradaNaTelaDeLoginPortugues" time="1.341" classname="br.com.projedata.arcturus.teste.testes.TesteParc010"/>
  <testcase name="cadastrarNovaNoticia" time="1.322" classname="br.com.projedata.arcturus.teste.testes.TesteParc010"/>
  <testcase name="verificarNoticiaNaTelaDeLoginEmIngles" time="6.288" classname="br.com.projedata.arcturus.teste.testes.TesteParc010"/>
</testsuite> <!-- br.com.projedata.arcturus.teste.testes.TesteParc010 -->
