<?xml version="1.0" encoding="UTF-8"?>
<!-- Generated by org.testng.reporters.JUnitReportReporter -->
<testsuite name="br.com.projedata.arcturus.teste.testes.TesteParc016" tests="6" time="28.201" ignored="0" failures="0" timestamp="28 nov 2018 12:56:36 GMT" skipped="0" hostname="gustavo-184" errors="0">
  <testcase name="excluirFiltroCriado" time="2.086" classname="br.com.projedata.arcturus.teste.testes.TesteParc016"/>
  <testcase name="abrirArc016PelaGer001" time="7.684" classname="br.com.projedata.arcturus.teste.testes.TesteParc016"/>
  <testcase name="emitirRelatorioComOPerfilCriado" time="6.102" classname="br.com.projedata.arcturus.teste.testes.TesteParc016"/>
  <testcase name="abrirParc016" time="5.671" classname="br.com.projedata.arcturus.teste.testes.TesteParc016"/>
  <testcase name="abrirORelatorioEVerificarOPerfilCriado" time="3.581" classname="br.com.projedata.arcturus.teste.testes.TesteParc016"/>
  <testcase name="inserirPerfil" time="3.077" classname="br.com.projedata.arcturus.teste.testes.TesteParc016"/>
</testsuite> <!-- br.com.projedata.arcturus.teste.testes.TesteParc016 -->
